{"/Users/maxencedepoorter/WebstormProjects/whist/whist-server/constants.js": {"path":"/Users/maxencedepoorter/WebstormProjects/whist/whist-server/constants.js","statementMap":{"0":{"start":{"line":5,"column":14},"end":{"line":5,"column":34}},"1":{"start":{"line":6,"column":15},"end":{"line":6,"column":56}},"2":{"start":{"line":8,"column":21},"end":{"line":10,"column":1}},"3":{"start":{"line":12,"column":20},"end":{"line":14,"column":1}},"4":{"start":{"line":16,"column":16},"end":{"line":20,"column":1}},"5":{"start":{"line":22,"column":0},"end":{"line":28,"column":2}}},"fnMap":{},"branchMap":{},"s":{"0":3,"1":3,"2":3,"3":3,"4":3,"5":3},"f":{},"b":{},"_coverageSchema":"1a1c01bbd47fc00a2c39e90264f33305004495a9","hash":"acd25d4479fb6ccbdac8d93ac35a51f65494db82"}
,"/Users/maxencedepoorter/WebstormProjects/whist/whist-server/gameEngine.js": {"path":"/Users/maxencedepoorter/WebstormProjects/whist/whist-server/gameEngine.js","statementMap":{"0":{"start":{"line":5,"column":4},"end":{"line":5,"column":26}},"1":{"start":{"line":7,"column":0},"end":{"line":92,"column":2}},"2":{"start":{"line":10,"column":8},"end":{"line":10,"column":75}},"3":{"start":{"line":10,"column":66},"end":{"line":10,"column":75}},"4":{"start":{"line":11,"column":8},"end":{"line":11,"column":37}},"5":{"start":{"line":11,"column":24},"end":{"line":11,"column":37}},"6":{"start":{"line":12,"column":8},"end":{"line":12,"column":34}},"7":{"start":{"line":12,"column":25},"end":{"line":12,"column":34}},"8":{"start":{"line":13,"column":8},"end":{"line":13,"column":30}},"9":{"start":{"line":17,"column":34},"end":{"line":17,"column":56}},"10":{"start":{"line":18,"column":21},"end":{"line":18,"column":23}},"11":{"start":{"line":20,"column":8},"end":{"line":22,"column":43}},"12":{"start":{"line":21,"column":12},"end":{"line":22,"column":43}},"13":{"start":{"line":22,"column":16},"end":{"line":22,"column":43}},"14":{"start":{"line":24,"column":8},"end":{"line":27,"column":9}},"15":{"start":{"line":24,"column":21},"end":{"line":24,"column":36}},"16":{"start":{"line":25,"column":22},"end":{"line":25,"column":57}},"17":{"start":{"line":26,"column":12},"end":{"line":26,"column":52}},"18":{"start":{"line":29,"column":8},"end":{"line":29,"column":20}},"19":{"start":{"line":33,"column":8},"end":{"line":33,"column":78}},"20":{"start":{"line":33,"column":65},"end":{"line":33,"column":78}},"21":{"start":{"line":34,"column":8},"end":{"line":34,"column":44}},"22":{"start":{"line":34,"column":32},"end":{"line":34,"column":44}},"23":{"start":{"line":36,"column":25},"end":{"line":36,"column":45}},"24":{"start":{"line":37,"column":28},"end":{"line":37,"column":63}},"25":{"start":{"line":37,"column":43},"end":{"line":37,"column":62}},"26":{"start":{"line":39,"column":8},"end":{"line":39,"column":55}},"27":{"start":{"line":39,"column":25},"end":{"line":39,"column":55}},"28":{"start":{"line":41,"column":8},"end":{"line":44,"column":9}},"29":{"start":{"line":42,"column":29},"end":{"line":42,"column":65}},"30":{"start":{"line":42,"column":44},"end":{"line":42,"column":64}},"31":{"start":{"line":43,"column":12},"end":{"line":43,"column":57}},"32":{"start":{"line":43,"column":26},"end":{"line":43,"column":57}},"33":{"start":{"line":46,"column":8},"end":{"line":46,"column":20}},"34":{"start":{"line":50,"column":8},"end":{"line":50,"column":69}},"35":{"start":{"line":50,"column":57},"end":{"line":50,"column":69}},"36":{"start":{"line":52,"column":25},"end":{"line":52,"column":45}},"37":{"start":{"line":53,"column":23},"end":{"line":53,"column":31}},"38":{"start":{"line":55,"column":8},"end":{"line":79,"column":9}},"39":{"start":{"line":55,"column":21},"end":{"line":55,"column":22}},"40":{"start":{"line":56,"column":28},"end":{"line":56,"column":36}},"41":{"start":{"line":58,"column":32},"end":{"line":58,"column":49}},"42":{"start":{"line":59,"column":29},"end":{"line":59,"column":47}},"43":{"start":{"line":61,"column":35},"end":{"line":61,"column":73}},"44":{"start":{"line":62,"column":32},"end":{"line":62,"column":67}},"45":{"start":{"line":64,"column":12},"end":{"line":67,"column":13}},"46":{"start":{"line":65,"column":16},"end":{"line":65,"column":35}},"47":{"start":{"line":66,"column":16},"end":{"line":66,"column":25}},"48":{"start":{"line":69,"column":12},"end":{"line":73,"column":13}},"49":{"start":{"line":70,"column":16},"end":{"line":71,"column":39}},"50":{"start":{"line":71,"column":20},"end":{"line":71,"column":39}},"51":{"start":{"line":72,"column":16},"end":{"line":72,"column":25}},"52":{"start":{"line":75,"column":12},"end":{"line":78,"column":13}},"53":{"start":{"line":76,"column":16},"end":{"line":77,"column":39}},"54":{"start":{"line":77,"column":20},"end":{"line":77,"column":39}},"55":{"start":{"line":81,"column":8},"end":{"line":81,"column":24}},"56":{"start":{"line":85,"column":21},"end":{"line":85,"column":46}},"57":{"start":{"line":87,"column":8},"end":{"line":88,"column":70}},"58":{"start":{"line":88,"column":12},"end":{"line":88,"column":70}},"59":{"start":{"line":90,"column":8},"end":{"line":90,"column":48}}},"fnMap":{"0":{"name":"(anonymous_0)","decl":{"start":{"line":9,"column":19},"end":{"line":9,"column":20}},"loc":{"start":{"line":9,"column":30},"end":{"line":14,"column":5}},"line":9},"1":{"name":"(anonymous_1)","decl":{"start":{"line":16,"column":16},"end":{"line":16,"column":17}},"loc":{"start":{"line":16,"column":22},"end":{"line":30,"column":5}},"line":16},"2":{"name":"(anonymous_2)","decl":{"start":{"line":32,"column":17},"end":{"line":32,"column":18}},"loc":{"start":{"line":32,"column":51},"end":{"line":47,"column":5}},"line":32},"3":{"name":"(anonymous_3)","decl":{"start":{"line":37,"column":38},"end":{"line":37,"column":39}},"loc":{"start":{"line":37,"column":43},"end":{"line":37,"column":62}},"line":37},"4":{"name":"(anonymous_4)","decl":{"start":{"line":42,"column":39},"end":{"line":42,"column":40}},"loc":{"start":{"line":42,"column":44},"end":{"line":42,"column":64}},"line":42},"5":{"name":"(anonymous_5)","decl":{"start":{"line":49,"column":19},"end":{"line":49,"column":20}},"loc":{"start":{"line":49,"column":41},"end":{"line":82,"column":5}},"line":49},"6":{"name":"(anonymous_6)","decl":{"start":{"line":84,"column":21},"end":{"line":84,"column":22}},"loc":{"start":{"line":84,"column":41},"end":{"line":91,"column":5}},"line":84}},"branchMap":{"0":{"loc":{"start":{"line":10,"column":8},"end":{"line":10,"column":75}},"type":"if","locations":[{"start":{"line":10,"column":8},"end":{"line":10,"column":75}},{"start":{},"end":{}}],"line":10},"1":{"loc":{"start":{"line":10,"column":12},"end":{"line":10,"column":64}},"type":"binary-expr","locations":[{"start":{"line":10,"column":12},"end":{"line":10,"column":37}},{"start":{"line":10,"column":41},"end":{"line":10,"column":50}},{"start":{"line":10,"column":54},"end":{"line":10,"column":64}}],"line":10},"2":{"loc":{"start":{"line":11,"column":8},"end":{"line":11,"column":37}},"type":"if","locations":[{"start":{"line":11,"column":8},"end":{"line":11,"column":37}},{"start":{},"end":{}}],"line":11},"3":{"loc":{"start":{"line":12,"column":8},"end":{"line":12,"column":34}},"type":"if","locations":[{"start":{"line":12,"column":8},"end":{"line":12,"column":34}},{"start":{},"end":{}}],"line":12},"4":{"loc":{"start":{"line":33,"column":8},"end":{"line":33,"column":78}},"type":"if","locations":[{"start":{"line":33,"column":8},"end":{"line":33,"column":78}},{"start":{},"end":{}}],"line":33},"5":{"loc":{"start":{"line":33,"column":12},"end":{"line":33,"column":63}},"type":"binary-expr","locations":[{"start":{"line":33,"column":12},"end":{"line":33,"column":32}},{"start":{"line":33,"column":36},"end":{"line":33,"column":47}},{"start":{"line":33,"column":51},"end":{"line":33,"column":63}}],"line":33},"6":{"loc":{"start":{"line":34,"column":8},"end":{"line":34,"column":44}},"type":"if","locations":[{"start":{"line":34,"column":8},"end":{"line":34,"column":44}},{"start":{},"end":{}}],"line":34},"7":{"loc":{"start":{"line":39,"column":8},"end":{"line":39,"column":55}},"type":"if","locations":[{"start":{"line":39,"column":8},"end":{"line":39,"column":55}},{"start":{},"end":{}}],"line":39},"8":{"loc":{"start":{"line":41,"column":8},"end":{"line":44,"column":9}},"type":"if","locations":[{"start":{"line":41,"column":8},"end":{"line":44,"column":9}},{"start":{},"end":{}}],"line":41},"9":{"loc":{"start":{"line":43,"column":12},"end":{"line":43,"column":57}},"type":"if","locations":[{"start":{"line":43,"column":12},"end":{"line":43,"column":57}},{"start":{},"end":{}}],"line":43},"10":{"loc":{"start":{"line":50,"column":8},"end":{"line":50,"column":69}},"type":"if","locations":[{"start":{"line":50,"column":8},"end":{"line":50,"column":69}},{"start":{},"end":{}}],"line":50},"11":{"loc":{"start":{"line":50,"column":12},"end":{"line":50,"column":55}},"type":"binary-expr","locations":[{"start":{"line":50,"column":12},"end":{"line":50,"column":33}},{"start":{"line":50,"column":37},"end":{"line":50,"column":55}}],"line":50},"12":{"loc":{"start":{"line":61,"column":35},"end":{"line":61,"column":73}},"type":"binary-expr","locations":[{"start":{"line":61,"column":35},"end":{"line":61,"column":44}},{"start":{"line":61,"column":48},"end":{"line":61,"column":73}}],"line":61},"13":{"loc":{"start":{"line":62,"column":32},"end":{"line":62,"column":67}},"type":"binary-expr","locations":[{"start":{"line":62,"column":32},"end":{"line":62,"column":41}},{"start":{"line":62,"column":45},"end":{"line":62,"column":67}}],"line":62},"14":{"loc":{"start":{"line":64,"column":12},"end":{"line":67,"column":13}},"type":"if","locations":[{"start":{"line":64,"column":12},"end":{"line":67,"column":13}},{"start":{},"end":{}}],"line":64},"15":{"loc":{"start":{"line":64,"column":16},"end":{"line":64,"column":46}},"type":"binary-expr","locations":[{"start":{"line":64,"column":16},"end":{"line":64,"column":30}},{"start":{"line":64,"column":34},"end":{"line":64,"column":46}}],"line":64},"16":{"loc":{"start":{"line":69,"column":12},"end":{"line":73,"column":13}},"type":"if","locations":[{"start":{"line":69,"column":12},"end":{"line":73,"column":13}},{"start":{},"end":{}}],"line":69},"17":{"loc":{"start":{"line":69,"column":16},"end":{"line":69,"column":45}},"type":"binary-expr","locations":[{"start":{"line":69,"column":16},"end":{"line":69,"column":30}},{"start":{"line":69,"column":34},"end":{"line":69,"column":45}}],"line":69},"18":{"loc":{"start":{"line":70,"column":16},"end":{"line":71,"column":39}},"type":"if","locations":[{"start":{"line":70,"column":16},"end":{"line":71,"column":39}},{"start":{},"end":{}}],"line":70},"19":{"loc":{"start":{"line":75,"column":12},"end":{"line":78,"column":13}},"type":"if","locations":[{"start":{"line":75,"column":12},"end":{"line":78,"column":13}},{"start":{},"end":{}}],"line":75},"20":{"loc":{"start":{"line":75,"column":16},"end":{"line":75,"column":56}},"type":"binary-expr","locations":[{"start":{"line":75,"column":16},"end":{"line":75,"column":28}},{"start":{"line":75,"column":32},"end":{"line":75,"column":56}}],"line":75},"21":{"loc":{"start":{"line":76,"column":16},"end":{"line":77,"column":39}},"type":"if","locations":[{"start":{"line":76,"column":16},"end":{"line":77,"column":39}},{"start":{},"end":{}}],"line":76},"22":{"loc":{"start":{"line":87,"column":8},"end":{"line":88,"column":70}},"type":"if","locations":[{"start":{"line":87,"column":8},"end":{"line":88,"column":70}},{"start":{},"end":{}}],"line":87}},"s":{"0":2,"1":2,"2":9,"3":0,"4":9,"5":7,"6":2,"7":1,"8":1,"9":2,"10":2,"11":2,"12":8,"13":64,"14":2,"15":2,"16":62,"17":62,"18":2,"19":9,"20":0,"21":9,"22":4,"23":5,"24":5,"25":6,"26":5,"27":3,"28":2,"29":1,"30":1,"31":1,"32":1,"33":1,"34":6,"35":1,"36":5,"37":5,"38":5,"39":5,"40":7,"41":7,"42":7,"43":7,"44":7,"45":7,"46":1,"47":1,"48":6,"49":1,"50":1,"51":1,"52":5,"53":4,"54":4,"55":5,"56":10,"57":10,"58":9,"59":1},"f":{"0":9,"1":2,"2":9,"3":6,"4":1,"5":6,"6":10},"b":{"0":[0,9],"1":[9,9,9],"2":[7,2],"3":[1,1],"4":[0,9],"5":[9,9,9],"6":[4,5],"7":[3,2],"8":[1,1],"9":[1,0],"10":[1,5],"11":[6,6],"12":[7,2],"13":[7,2],"14":[1,6],"15":[7,2],"16":[1,5],"17":[6,1],"18":[1,0],"19":[4,1],"20":[5,5],"21":[4,0],"22":[9,1]},"_coverageSchema":"1a1c01bbd47fc00a2c39e90264f33305004495a9","hash":"a367a9977a1e5616827ca086c3968625e3ac2288"}
,"/Users/maxencedepoorter/WebstormProjects/whist/whist-server/gameService.js": {"path":"/Users/maxencedepoorter/WebstormProjects/whist/whist-server/gameService.js","statementMap":{"0":{"start":{"line":1,"column":15},"end":{"line":1,"column":38}},"1":{"start":{"line":2,"column":36},"end":{"line":2,"column":59}},"2":{"start":{"line":5,"column":4},"end":{"line":5,"column":38}},"3":{"start":{"line":6,"column":4},"end":{"line":6,"column":48}},"4":{"start":{"line":8,"column":15},"end":{"line":8,"column":64}},"5":{"start":{"line":9,"column":17},"end":{"line":9,"column":36}},"6":{"start":{"line":11,"column":4},"end":{"line":17,"column":7}},"7":{"start":{"line":12,"column":8},"end":{"line":12,"column":36}},"8":{"start":{"line":13,"column":8},"end":{"line":13,"column":21}},"9":{"start":{"line":14,"column":8},"end":{"line":14,"column":24}},"10":{"start":{"line":16,"column":8},"end":{"line":16,"column":45}},"11":{"start":{"line":19,"column":4},"end":{"line":19,"column":60}},"12":{"start":{"line":20,"column":4},"end":{"line":21,"column":45}},"13":{"start":{"line":25,"column":4},"end":{"line":25,"column":66}},"14":{"start":{"line":25,"column":45},"end":{"line":25,"column":66}},"15":{"start":{"line":27,"column":19},"end":{"line":27,"column":66}},"16":{"start":{"line":28,"column":4},"end":{"line":28,"column":64}},"17":{"start":{"line":28,"column":43},"end":{"line":28,"column":64}},"18":{"start":{"line":30,"column":20},"end":{"line":30,"column":69}},"19":{"start":{"line":32,"column":4},"end":{"line":33,"column":54}},"20":{"start":{"line":33,"column":8},"end":{"line":33,"column":54}},"21":{"start":{"line":35,"column":4},"end":{"line":35,"column":26}},"22":{"start":{"line":36,"column":4},"end":{"line":37,"column":52}},"23":{"start":{"line":39,"column":4},"end":{"line":43,"column":5}},"24":{"start":{"line":39,"column":32},"end":{"line":39,"column":46}},"25":{"start":{"line":40,"column":8},"end":{"line":40,"column":42}},"26":{"start":{"line":41,"column":8},"end":{"line":42,"column":49}},"27":{"start":{"line":45,"column":4},"end":{"line":45,"column":24}},"28":{"start":{"line":49,"column":4},"end":{"line":49,"column":66}},"29":{"start":{"line":49,"column":45},"end":{"line":49,"column":66}},"30":{"start":{"line":50,"column":4},"end":{"line":50,"column":63}},"31":{"start":{"line":50,"column":42},"end":{"line":50,"column":63}},"32":{"start":{"line":52,"column":19},"end":{"line":52,"column":66}},"33":{"start":{"line":53,"column":4},"end":{"line":53,"column":64}},"34":{"start":{"line":53,"column":43},"end":{"line":53,"column":64}},"35":{"start":{"line":55,"column":4},"end":{"line":56,"column":55}},"36":{"start":{"line":56,"column":8},"end":{"line":56,"column":55}},"37":{"start":{"line":58,"column":20},"end":{"line":60,"column":5}},"38":{"start":{"line":59,"column":13},"end":{"line":59,"column":59}},"39":{"start":{"line":62,"column":4},"end":{"line":63,"column":55}},"40":{"start":{"line":63,"column":8},"end":{"line":63,"column":55}},"41":{"start":{"line":65,"column":22},"end":{"line":65,"column":56}},"42":{"start":{"line":67,"column":4},"end":{"line":68,"column":54}},"43":{"start":{"line":68,"column":8},"end":{"line":68,"column":54}},"44":{"start":{"line":70,"column":4},"end":{"line":74,"column":7}},"45":{"start":{"line":76,"column":4},"end":{"line":78,"column":6}},"46":{"start":{"line":77,"column":13},"end":{"line":77,"column":62}},"47":{"start":{"line":80,"column":4},"end":{"line":104,"column":5}},"48":{"start":{"line":81,"column":27},"end":{"line":84,"column":9}},"49":{"start":{"line":86,"column":23},"end":{"line":88,"column":9}},"50":{"start":{"line":87,"column":17},"end":{"line":87,"column":50}},"51":{"start":{"line":90,"column":8},"end":{"line":90,"column":27}},"52":{"start":{"line":91,"column":8},"end":{"line":92,"column":41}},"53":{"start":{"line":95,"column":12},"end":{"line":95,"column":56}},"54":{"start":{"line":95,"column":36},"end":{"line":95,"column":55}},"55":{"start":{"line":97,"column":8},"end":{"line":103,"column":10}},"56":{"start":{"line":106,"column":4},"end":{"line":107,"column":52}},"57":{"start":{"line":109,"column":4},"end":{"line":109,"column":24}},"58":{"start":{"line":113,"column":21},"end":{"line":120,"column":5}},"59":{"start":{"line":116,"column":24},"end":{"line":116,"column":66}},"60":{"start":{"line":117,"column":12},"end":{"line":117,"column":27}},"61":{"start":{"line":118,"column":12},"end":{"line":118,"column":63}},"62":{"start":{"line":122,"column":4},"end":{"line":122,"column":47}},"63":{"start":{"line":123,"column":4},"end":{"line":123,"column":34}},"64":{"start":{"line":124,"column":4},"end":{"line":125,"column":45}},"65":{"start":{"line":127,"column":4},"end":{"line":130,"column":5}},"66":{"start":{"line":128,"column":8},"end":{"line":128,"column":43}},"67":{"start":{"line":129,"column":8},"end":{"line":129,"column":34}},"68":{"start":{"line":132,"column":4},"end":{"line":132,"column":31}},"69":{"start":{"line":135,"column":0},"end":{"line":140,"column":2}}},"fnMap":{"0":{"name":"startNewRound","decl":{"start":{"line":4,"column":9},"end":{"line":4,"column":22}},"loc":{"start":{"line":4,"column":33},"end":{"line":22,"column":1}},"line":4},"1":{"name":"(anonymous_1)","decl":{"start":{"line":11,"column":25},"end":{"line":11,"column":26}},"loc":{"start":{"line":11,"column":30},"end":{"line":17,"column":5}},"line":11},"2":{"name":"placeBid","decl":{"start":{"line":24,"column":9},"end":{"line":24,"column":17}},"loc":{"start":{"line":24,"column":44},"end":{"line":46,"column":1}},"line":24},"3":{"name":"(anonymous_3)","decl":{"start":{"line":39,"column":27},"end":{"line":39,"column":28}},"loc":{"start":{"line":39,"column":32},"end":{"line":39,"column":46}},"line":39},"4":{"name":"playCard","decl":{"start":{"line":48,"column":9},"end":{"line":48,"column":17}},"loc":{"start":{"line":48,"column":40},"end":{"line":110,"column":1}},"line":48},"5":{"name":"(anonymous_5)","decl":{"start":{"line":59,"column":8},"end":{"line":59,"column":9}},"loc":{"start":{"line":59,"column":13},"end":{"line":59,"column":59}},"line":59},"6":{"name":"(anonymous_6)","decl":{"start":{"line":77,"column":8},"end":{"line":77,"column":9}},"loc":{"start":{"line":77,"column":13},"end":{"line":77,"column":62}},"line":77},"7":{"name":"(anonymous_7)","decl":{"start":{"line":87,"column":12},"end":{"line":87,"column":13}},"loc":{"start":{"line":87,"column":17},"end":{"line":87,"column":50}},"line":87},"8":{"name":"(anonymous_8)","decl":{"start":{"line":95,"column":31},"end":{"line":95,"column":32}},"loc":{"start":{"line":95,"column":36},"end":{"line":95,"column":55}},"line":95},"9":{"name":"finishRound","decl":{"start":{"line":112,"column":9},"end":{"line":112,"column":20}},"loc":{"start":{"line":112,"column":27},"end":{"line":133,"column":1}},"line":112},"10":{"name":"(anonymous_10)","decl":{"start":{"line":115,"column":34},"end":{"line":115,"column":35}},"loc":{"start":{"line":115,"column":39},"end":{"line":119,"column":9}},"line":115}},"branchMap":{"0":{"loc":{"start":{"line":19,"column":27},"end":{"line":19,"column":59}},"type":"cond-expr","locations":[{"start":{"line":19,"column":45},"end":{"line":19,"column":52}},{"start":{"line":19,"column":55},"end":{"line":19,"column":59}}],"line":19},"1":{"loc":{"start":{"line":25,"column":4},"end":{"line":25,"column":66}},"type":"if","locations":[{"start":{"line":25,"column":4},"end":{"line":25,"column":66}},{"start":{},"end":{}}],"line":25},"2":{"loc":{"start":{"line":28,"column":4},"end":{"line":28,"column":64}},"type":"if","locations":[{"start":{"line":28,"column":4},"end":{"line":28,"column":64}},{"start":{},"end":{}}],"line":28},"3":{"loc":{"start":{"line":28,"column":8},"end":{"line":28,"column":41}},"type":"binary-expr","locations":[{"start":{"line":28,"column":8},"end":{"line":28,"column":15}},{"start":{"line":28,"column":19},"end":{"line":28,"column":41}}],"line":28},"4":{"loc":{"start":{"line":32,"column":4},"end":{"line":33,"column":54}},"type":"if","locations":[{"start":{"line":32,"column":4},"end":{"line":33,"column":54}},{"start":{},"end":{}}],"line":32},"5":{"loc":{"start":{"line":39,"column":4},"end":{"line":43,"column":5}},"type":"if","locations":[{"start":{"line":39,"column":4},"end":{"line":43,"column":5}},{"start":{},"end":{}}],"line":39},"6":{"loc":{"start":{"line":49,"column":4},"end":{"line":49,"column":66}},"type":"if","locations":[{"start":{"line":49,"column":4},"end":{"line":49,"column":66}},{"start":{},"end":{}}],"line":49},"7":{"loc":{"start":{"line":50,"column":4},"end":{"line":50,"column":63}},"type":"if","locations":[{"start":{"line":50,"column":4},"end":{"line":50,"column":63}},{"start":{},"end":{}}],"line":50},"8":{"loc":{"start":{"line":53,"column":4},"end":{"line":53,"column":64}},"type":"if","locations":[{"start":{"line":53,"column":4},"end":{"line":53,"column":64}},{"start":{},"end":{}}],"line":53},"9":{"loc":{"start":{"line":53,"column":8},"end":{"line":53,"column":41}},"type":"binary-expr","locations":[{"start":{"line":53,"column":8},"end":{"line":53,"column":15}},{"start":{"line":53,"column":19},"end":{"line":53,"column":41}}],"line":53},"10":{"loc":{"start":{"line":55,"column":4},"end":{"line":56,"column":55}},"type":"if","locations":[{"start":{"line":55,"column":4},"end":{"line":56,"column":55}},{"start":{},"end":{}}],"line":55},"11":{"loc":{"start":{"line":59,"column":13},"end":{"line":59,"column":59}},"type":"binary-expr","locations":[{"start":{"line":59,"column":13},"end":{"line":59,"column":33}},{"start":{"line":59,"column":37},"end":{"line":59,"column":59}}],"line":59},"12":{"loc":{"start":{"line":62,"column":4},"end":{"line":63,"column":55}},"type":"if","locations":[{"start":{"line":62,"column":4},"end":{"line":63,"column":55}},{"start":{},"end":{}}],"line":62},"13":{"loc":{"start":{"line":65,"column":22},"end":{"line":65,"column":56}},"type":"binary-expr","locations":[{"start":{"line":65,"column":22},"end":{"line":65,"column":48}},{"start":{"line":65,"column":52},"end":{"line":65,"column":56}}],"line":65},"14":{"loc":{"start":{"line":67,"column":4},"end":{"line":68,"column":54}},"type":"if","locations":[{"start":{"line":67,"column":4},"end":{"line":68,"column":54}},{"start":{},"end":{}}],"line":67},"15":{"loc":{"start":{"line":77,"column":15},"end":{"line":77,"column":61}},"type":"binary-expr","locations":[{"start":{"line":77,"column":15},"end":{"line":77,"column":35}},{"start":{"line":77,"column":39},"end":{"line":77,"column":61}}],"line":77},"16":{"loc":{"start":{"line":80,"column":4},"end":{"line":104,"column":5}},"type":"if","locations":[{"start":{"line":80,"column":4},"end":{"line":104,"column":5}},{"start":{},"end":{}}],"line":80},"17":{"loc":{"start":{"line":127,"column":4},"end":{"line":130,"column":5}},"type":"if","locations":[{"start":{"line":127,"column":4},"end":{"line":130,"column":5}},{"start":{},"end":{}}],"line":127}},"s":{"0":1,"1":1,"2":1,"3":1,"4":1,"5":1,"6":1,"7":4,"8":4,"9":4,"10":4,"11":1,"12":1,"13":6,"14":1,"15":5,"16":5,"17":1,"18":4,"19":4,"20":0,"21":4,"22":4,"23":4,"24":13,"25":1,"26":1,"27":4,"28":13,"29":1,"30":12,"31":1,"32":11,"33":11,"34":1,"35":10,"36":0,"37":10,"38":11,"39":10,"40":2,"41":8,"42":8,"43":1,"44":7,"45":7,"46":8,"47":7,"48":1,"49":1,"50":4,"51":1,"52":1,"53":1,"54":4,"55":1,"56":6,"57":6,"58":2,"59":8,"60":8,"61":8,"62":2,"63":2,"64":2,"65":2,"66":1,"67":1,"68":1,"69":1},"f":{"0":1,"1":4,"2":6,"3":13,"4":13,"5":11,"6":8,"7":4,"8":4,"9":2,"10":8},"b":{"0":[1,0],"1":[1,5],"2":[1,4],"3":[5,5],"4":[0,4],"5":[1,3],"6":[1,12],"7":[1,11],"8":[1,10],"9":[11,11],"10":[0,10],"11":[11,9],"12":[2,8],"13":[8,6],"14":[1,7],"15":[8,7],"16":[1,6],"17":[1,1]},"_coverageSchema":"1a1c01bbd47fc00a2c39e90264f33305004495a9","hash":"20f35f8270b9e3808861ad178625372918e13e20"}
,"/Users/maxencedepoorter/WebstormProjects/whist/whist-server/validators.js": {"path":"/Users/maxencedepoorter/WebstormProjects/whist/whist-server/validators.js","statementMap":{"0":{"start":{"line":1,"column":26},"end":{"line":1,"column":48}},"1":{"start":{"line":4,"column":4},"end":{"line":4,"column":48}},"2":{"start":{"line":4,"column":36},"end":{"line":4,"column":48}},"3":{"start":{"line":5,"column":14},"end":{"line":5,"column":41}},"4":{"start":{"line":6,"column":4},"end":{"line":6,"column":41}},"5":{"start":{"line":6,"column":29},"end":{"line":6,"column":41}},"6":{"start":{"line":7,"column":4},"end":{"line":7,"column":13}},"7":{"start":{"line":11,"column":4},"end":{"line":14,"column":36}},"8":{"start":{"line":18,"column":4},"end":{"line":21,"column":23}},"9":{"start":{"line":24,"column":0},"end":{"line":28,"column":2}}},"fnMap":{"0":{"name":"normalizeRoomId","decl":{"start":{"line":3,"column":9},"end":{"line":3,"column":24}},"loc":{"start":{"line":3,"column":33},"end":{"line":8,"column":1}},"line":3},"1":{"name":"isValidCard","decl":{"start":{"line":10,"column":9},"end":{"line":10,"column":20}},"loc":{"start":{"line":10,"column":27},"end":{"line":15,"column":1}},"line":10},"2":{"name":"isValidBid","decl":{"start":{"line":17,"column":9},"end":{"line":17,"column":19}},"loc":{"start":{"line":17,"column":34},"end":{"line":22,"column":1}},"line":17}},"branchMap":{"0":{"loc":{"start":{"line":4,"column":4},"end":{"line":4,"column":48}},"type":"if","locations":[{"start":{"line":4,"column":4},"end":{"line":4,"column":48}},{"start":{},"end":{}}],"line":4},"1":{"loc":{"start":{"line":6,"column":4},"end":{"line":6,"column":41}},"type":"if","locations":[{"start":{"line":6,"column":4},"end":{"line":6,"column":41}},{"start":{},"end":{}}],"line":6},"2":{"loc":{"start":{"line":6,"column":8},"end":{"line":6,"column":27}},"type":"binary-expr","locations":[{"start":{"line":6,"column":8},"end":{"line":6,"column":10}},{"start":{"line":6,"column":14},"end":{"line":6,"column":27}}],"line":6},"3":{"loc":{"start":{"line":11,"column":11},"end":{"line":14,"column":35}},"type":"binary-expr","locations":[{"start":{"line":11,"column":11},"end":{"line":11,"column":17}},{"start":{"line":12,"column":8},"end":{"line":12,"column":32}},{"start":{"line":13,"column":8},"end":{"line":13,"column":33}},{"start":{"line":14,"column":8},"end":{"line":14,"column":35}}],"line":11},"4":{"loc":{"start":{"line":18,"column":11},"end":{"line":21,"column":22}},"type":"binary-expr","locations":[{"start":{"line":18,"column":11},"end":{"line":18,"column":34}},{"start":{"line":19,"column":8},"end":{"line":19,"column":29}},{"start":{"line":20,"column":8},"end":{"line":20,"column":16}},{"start":{"line":21,"column":8},"end":{"line":21,"column":22}}],"line":18}},"s":{"0":2,"1":3,"2":1,"3":2,"4":2,"5":1,"6":1,"7":13,"8":7,"9":2},"f":{"0":3,"1":13,"2":7},"b":{"0":[1,2],"1":[1,1],"2":[2,1],"3":[13,12,12,11],"4":[7,7,7,6]},"_coverageSchema":"1a1c01bbd47fc00a2c39e90264f33305004495a9","hash":"5120d63a1b92a4ec928b1e6f5c3054b950722020"}
}
