TN:
SF:constants.js
FNF:0
FNH:0
DA:5,3
DA:6,3
DA:8,3
DA:12,3
DA:16,3
DA:22,3
LF:6
LH:6
BRF:0
BRH:0
end_of_record
TN:
SF:gameEngine.js
FN:9,(anonymous_0)
FN:16,(anonymous_1)
FN:32,(anonymous_2)
FN:37,(anonymous_3)
FN:42,(anonymous_4)
FN:49,(anonymous_5)
FN:84,(anonymous_6)
FNF:7
FNH:7
FNDA:9,(anonymous_0)
FNDA:2,(anonymous_1)
FNDA:9,(anonymous_2)
FNDA:6,(anonymous_3)
FNDA:1,(anonymous_4)
FNDA:6,(anonymous_5)
FNDA:10,(anonymous_6)
DA:5,2
DA:7,2
DA:10,9
DA:11,9
DA:12,2
DA:13,1
DA:17,2
DA:18,2
DA:20,2
DA:21,8
DA:22,64
DA:24,2
DA:25,62
DA:26,62
DA:29,2
DA:33,9
DA:34,9
DA:36,5
DA:37,6
DA:39,5
DA:41,2
DA:42,1
DA:43,1
DA:46,1
DA:50,6
DA:52,5
DA:53,5
DA:55,5
DA:56,7
DA:58,7
DA:59,7
DA:61,7
DA:62,7
DA:64,7
DA:65,1
DA:66,1
DA:69,6
DA:70,1
DA:71,1
DA:72,1
DA:75,5
DA:76,4
DA:77,4
DA:81,5
DA:85,10
DA:87,10
DA:88,9
DA:90,1
LF:48
LH:48
BRDA:10,0,0,0
BRDA:10,0,1,9
BRDA:10,1,0,9
BRDA:10,1,1,9
BRDA:10,1,2,9
BRDA:11,2,0,7
BRDA:11,2,1,2
BRDA:12,3,0,1
BRDA:12,3,1,1
BRDA:33,4,0,0
BRDA:33,4,1,9
BRDA:33,5,0,9
BRDA:33,5,1,9
BRDA:33,5,2,9
BRDA:34,6,0,4
BRDA:34,6,1,5
BRDA:39,7,0,3
BRDA:39,7,1,2
BRDA:41,8,0,1
BRDA:41,8,1,1
BRDA:43,9,0,1
BRDA:43,9,1,0
BRDA:50,10,0,1
BRDA:50,10,1,5
BRDA:50,11,0,6
BRDA:50,11,1,6
BRDA:61,12,0,7
BRDA:61,12,1,2
BRDA:62,13,0,7
BRDA:62,13,1,2
BRDA:64,14,0,1
BRDA:64,14,1,6
BRDA:64,15,0,7
BRDA:64,15,1,2
BRDA:69,16,0,1
BRDA:69,16,1,5
BRDA:69,17,0,6
BRDA:69,17,1,1
BRDA:70,18,0,1
BRDA:70,18,1,0
BRDA:75,19,0,4
BRDA:75,19,1,1
BRDA:75,20,0,5
BRDA:75,20,1,5
BRDA:76,21,0,4
BRDA:76,21,1,0
BRDA:87,22,0,9
BRDA:87,22,1,1
BRF:48
BRH:43
end_of_record
TN:
SF:gameService.js
FN:4,startNewRound
FN:11,(anonymous_1)
FN:24,placeBid
FN:39,(anonymous_3)
FN:48,playCard
FN:59,(anonymous_5)
FN:77,(anonymous_6)
FN:87,(anonymous_7)
FN:95,(anonymous_8)
FN:112,finishRound
FN:115,(anonymous_10)
FNF:11
FNH:11
FNDA:1,startNewRound
FNDA:4,(anonymous_1)
FNDA:6,placeBid
FNDA:13,(anonymous_3)
FNDA:13,playCard
FNDA:11,(anonymous_5)
FNDA:8,(anonymous_6)
FNDA:4,(anonymous_7)
FNDA:4,(anonymous_8)
FNDA:2,finishRound
FNDA:8,(anonymous_10)
DA:1,1
DA:2,1
DA:5,1
DA:6,1
DA:8,1
DA:9,1
DA:11,1
DA:12,4
DA:13,4
DA:14,4
DA:16,4
DA:19,1
DA:20,1
DA:25,6
DA:27,5
DA:28,5
DA:30,4
DA:32,4
DA:33,0
DA:35,4
DA:36,4
DA:39,13
DA:40,1
DA:41,1
DA:45,4
DA:49,13
DA:50,12
DA:52,11
DA:53,11
DA:55,10
DA:56,0
DA:58,10
DA:59,11
DA:62,10
DA:63,2
DA:65,8
DA:67,8
DA:68,1
DA:70,7
DA:76,7
DA:77,8
DA:80,7
DA:81,1
DA:86,1
DA:87,4
DA:90,1
DA:91,1
DA:95,4
DA:97,1
DA:106,6
DA:109,6
DA:113,2
DA:116,8
DA:117,8
DA:118,8
DA:122,2
DA:123,2
DA:124,2
DA:127,2
DA:128,1
DA:129,1
DA:132,1
DA:135,1
LF:63
LH:61
BRDA:19,0,0,1
BRDA:19,0,1,0
BRDA:25,1,0,1
BRDA:25,1,1,5
BRDA:28,2,0,1
BRDA:28,2,1,4
BRDA:28,3,0,5
BRDA:28,3,1,5
BRDA:32,4,0,0
BRDA:32,4,1,4
BRDA:39,5,0,1
BRDA:39,5,1,3
BRDA:49,6,0,1
BRDA:49,6,1,12
BRDA:50,7,0,1
BRDA:50,7,1,11
BRDA:53,8,0,1
BRDA:53,8,1,10
BRDA:53,9,0,11
BRDA:53,9,1,11
BRDA:55,10,0,0
BRDA:55,10,1,10
BRDA:59,11,0,11
BRDA:59,11,1,9
BRDA:62,12,0,2
BRDA:62,12,1,8
BRDA:65,13,0,8
BRDA:65,13,1,6
BRDA:67,14,0,1
BRDA:67,14,1,7
BRDA:77,15,0,8
BRDA:77,15,1,7
BRDA:80,16,0,1
BRDA:80,16,1,6
BRDA:127,17,0,1
BRDA:127,17,1,1
BRF:36
BRH:33
end_of_record
TN:
SF:validators.js
FN:3,normalizeRoomId
FN:10,isValidCard
FN:17,isValidBid
FNF:3
FNH:3
FNDA:3,normalizeRoomId
FNDA:13,isValidCard
FNDA:7,isValidBid
DA:1,2
DA:4,3
DA:5,2
DA:6,2
DA:7,1
DA:11,13
DA:18,7
DA:24,2
LF:8
LH:8
BRDA:4,0,0,1
BRDA:4,0,1,2
BRDA:6,1,0,1
BRDA:6,1,1,1
BRDA:6,2,0,2
BRDA:6,2,1,1
BRDA:11,3,0,13
BRDA:11,3,1,12
BRDA:11,3,2,12
BRDA:11,3,3,11
BRDA:18,4,0,7
BRDA:18,4,1,7
BRDA:18,4,2,7
BRDA:18,4,3,6
BRF:14
BRH:14
end_of_record
